<html>
<head>
<title>TestNG:  Test</title>
<link href="../testng.css" rel="stylesheet" type="text/css" />
<link href="../my-testng.css" rel="stylesheet" type="text/css" />

<style type="text/css">
.log { display: none;} 
.stack-trace { display: none;} 
</style>
<script type="text/javascript">
<!--
function flip(e) {
  current = e.style.display;
  if (current == 'block') {
    e.style.display = 'none';
    return 0;
  }
  else {
    e.style.display = 'block';
    return 1;
  }
}

function toggleBox(szDivId, elem, msg1, msg2)
{
  var res = -1;  if (document.getElementById) {
    res = flip(document.getElementById(szDivId));
  }
  else if (document.all) {
    // this is the way old msie versions work
    res = flip(document.all[szDivId]);
  }
  if(elem) {
    if(res == 0) elem.innerHTML = msg1; else elem.innerHTML = msg2;
  }

}

function toggleAllBoxes() {
  if (document.getElementsByTagName) {
    d = document.getElementsByTagName('div');
    for (i = 0; i < d.length; i++) {
      if (d[i].className == 'log') {
        flip(d[i]);
      }
    }
  }
}

// -->
</script>

</head>
<body>
<h2 align='center'>Test</h2><table border='1' align="center">
<tr>
<td>Tests passed/Failed/Skipped:</td><td>2/2/0</td>
</tr><tr>
<td>Started on:</td><td>Sun Mar 06 19:28:24 IST 2022</td>
</tr>
<tr><td>Total time:</td><td>458 seconds (458357 ms)</td>
</tr><tr>
<td>Included groups:</td><td></td>
</tr><tr>
<td>Excluded groups:</td><td></td>
</tr>
</table><p/>
<small><i>(Hover the method name to see the test class name)</i></small><p/>
<table width='100%' border='1' class='invocation-failed'>
<tr><td colspan='4' align='center'><b>FAILED CONFIGURATIONS</b></td></tr>
<tr><td><b>Test method</b></td>
<td width="30%"><b>Exception</b></td>
<td width="10%"><b>Time (seconds)</b></td>
<td><b>Instance</b></td>
</tr>
<tr>
<td title='com.goibibo.tests.TS_002_Hotel_Booking.afterTest()'><b>afterTest</b><br>Test class: com.goibibo.tests.TS_002_Hotel_Booking</td>
<td><div><pre>org.openqa.selenium.NoSuchWindowException: no such window: target window already closed
from unknown error: web view not found
  (Session info: chrome=98.0.4758.102)
  (Driver info: chromedriver=98.0.4758.102 (273bf7ac8c909cde36982d27f66f3c70846a3718-refs/branch-heads/4758@{#1151}),platform=Windows NT 10.0.19042 x86_64) (WARNING: The server did not provide any stacktrace information)
Command duration or timeout: 10 milliseconds
Build info: version: &apos;2.53.0&apos;, revision: &apos;35ae25b1534ae328c771e0856c93e187490ca824&apos;, time: &apos;2016-03-15 10:43:46&apos;
System info: host: &apos;W10CG753X2&apos;, ip: &apos;192.168.88.1&apos;, os.name: &apos;Windows 10&apos;, os.arch: &apos;amd64&apos;, os.version: &apos;10.0&apos;, java.version: &apos;11.0.13&apos;
Driver info: org.openqa.selenium.chrome.ChromeDriver
Capabilities [{mobileEmulationEnabled=false, timeouts={implicit=0, pageLoad=300000, script=30000}, hasTouchScreen=false, platform=XP, acceptSslCerts=false, goog:chromeOptions={debuggerAddress=localhost:52719}, webauthn:extension:credBlob=true, acceptInsecureCerts=false, webStorageEnabled=true, browserName=chrome, takesScreenshot=true, javascriptEnabled=true, setWindowRect=true, webauthn:extension:largeBlob=true, unexpectedAlertBehaviour=ignore, rotatable=false, networkConnectionEnabled=false, chrome={chromedriverVersion=98.0.4758.102 (273bf7ac8c909cde36982d27f66f3c70846a3718-refs/branch-heads/4758@{#1151}), userDataDir=C:\Users\BHARAT~1\AppData\Local\Temp\scoped_dir24608_1252775591}, takesHeapSnapshot=true, pageLoadStrategy=normal, strictFileInteractability=false, databaseEnabled=false, handlesAlerts=true, version=98.0.4758.102, browserConnectionEnabled=false, proxy={}, nativeEvents=true, locationContextEnabled=true, cssSelectorsEnabled=true, webauthn:virtualAuthenticators=true}]
Session ID: 46731649f100b002990eeb2e212649b6
	at org.openqa.selenium.remote.ErrorHandler.createThrowable(ErrorHandler.java:206)
	at org.openqa.selenium.remote.ErrorHandler.throwIfResponseFailed(ErrorHandler.java:158)
	at org.openqa.selenium.remote.RemoteWebDriver.execute(RemoteWebDriver.java:678)
	at org.openqa.selenium.remote.RemoteWebDriver.execute(RemoteWebDriver.java:701)
	at org.openqa.selenium.remote.RemoteWebDriver.close(RemoteWebDriver.java:521)
	at com.goibibo.tests.TS_002_Hotel_Booking.afterTest(TS_002_Hotel_Booking.java:143)
... Removed 28 stack frames</pre></div><a href='#' onClick='toggleBox("stack-trace1690294013", this, "Click to show all stack frames", "Click to hide stack frames")'>Click to show all stack frames</a>
<div class='stack-trace' id='stack-trace1690294013'><pre>org.openqa.selenium.NoSuchWindowException: no such window: target window already closed
from unknown error: web view not found
  (Session info: chrome=98.0.4758.102)
  (Driver info: chromedriver=98.0.4758.102 (273bf7ac8c909cde36982d27f66f3c70846a3718-refs/branch-heads/4758@{#1151}),platform=Windows NT 10.0.19042 x86_64) (WARNING: The server did not provide any stacktrace information)
Command duration or timeout: 10 milliseconds
Build info: version: &apos;2.53.0&apos;, revision: &apos;35ae25b1534ae328c771e0856c93e187490ca824&apos;, time: &apos;2016-03-15 10:43:46&apos;
System info: host: &apos;W10CG753X2&apos;, ip: &apos;192.168.88.1&apos;, os.name: &apos;Windows 10&apos;, os.arch: &apos;amd64&apos;, os.version: &apos;10.0&apos;, java.version: &apos;11.0.13&apos;
Driver info: org.openqa.selenium.chrome.ChromeDriver
Capabilities [{mobileEmulationEnabled=false, timeouts={implicit=0, pageLoad=300000, script=30000}, hasTouchScreen=false, platform=XP, acceptSslCerts=false, goog:chromeOptions={debuggerAddress=localhost:52719}, webauthn:extension:credBlob=true, acceptInsecureCerts=false, webStorageEnabled=true, browserName=chrome, takesScreenshot=true, javascriptEnabled=true, setWindowRect=true, webauthn:extension:largeBlob=true, unexpectedAlertBehaviour=ignore, rotatable=false, networkConnectionEnabled=false, chrome={chromedriverVersion=98.0.4758.102 (273bf7ac8c909cde36982d27f66f3c70846a3718-refs/branch-heads/4758@{#1151}), userDataDir=C:\Users\BHARAT~1\AppData\Local\Temp\scoped_dir24608_1252775591}, takesHeapSnapshot=true, pageLoadStrategy=normal, strictFileInteractability=false, databaseEnabled=false, handlesAlerts=true, version=98.0.4758.102, browserConnectionEnabled=false, proxy={}, nativeEvents=true, locationContextEnabled=true, cssSelectorsEnabled=true, webauthn:virtualAuthenticators=true}]
Session ID: 46731649f100b002990eeb2e212649b6
	at java.base/jdk.internal.reflect.NativeConstructorAccessorImpl.newInstance0(Native Method)
	at java.base/jdk.internal.reflect.NativeConstructorAccessorImpl.newInstance(NativeConstructorAccessorImpl.java:62)
	at java.base/jdk.internal.reflect.DelegatingConstructorAccessorImpl.newInstance(DelegatingConstructorAccessorImpl.java:45)
	at java.base/java.lang.reflect.Constructor.newInstance(Constructor.java:490)
	at org.openqa.selenium.remote.ErrorHandler.createThrowable(ErrorHandler.java:206)
	at org.openqa.selenium.remote.ErrorHandler.throwIfResponseFailed(ErrorHandler.java:158)
	at org.openqa.selenium.remote.RemoteWebDriver.execute(RemoteWebDriver.java:678)
	at org.openqa.selenium.remote.RemoteWebDriver.execute(RemoteWebDriver.java:701)
	at org.openqa.selenium.remote.RemoteWebDriver.close(RemoteWebDriver.java:521)
	at com.goibibo.tests.TS_002_Hotel_Booking.afterTest(TS_002_Hotel_Booking.java:143)
	at java.base/jdk.internal.reflect.NativeMethodAccessorImpl.invoke0(Native Method)
	at java.base/jdk.internal.reflect.NativeMethodAccessorImpl.invoke(NativeMethodAccessorImpl.java:62)
	at java.base/jdk.internal.reflect.DelegatingMethodAccessorImpl.invoke(DelegatingMethodAccessorImpl.java:43)
	at java.base/java.lang.reflect.Method.invoke(Method.java:566)
	at org.testng.internal.MethodInvocationHelper.invokeMethod(MethodInvocationHelper.java:133)
	at org.testng.internal.MethodInvocationHelper.invokeMethodConsideringTimeout(MethodInvocationHelper.java:62)
	at org.testng.internal.ConfigInvoker.invokeConfigurationMethod(ConfigInvoker.java:385)
	at org.testng.internal.ConfigInvoker.invokeConfigurations(ConfigInvoker.java:321)
	at org.testng.TestRunner.invokeTestConfigurations(TestRunner.java:637)
	at org.testng.TestRunner.afterRun(TestRunner.java:877)
	at org.testng.TestRunner.run(TestRunner.java:599)
	at org.testng.SuiteRunner.runTest(SuiteRunner.java:377)
	at org.testng.SuiteRunner.runSequentially(SuiteRunner.java:371)
	at org.testng.SuiteRunner.privateRun(SuiteRunner.java:332)
	at org.testng.SuiteRunner.run(SuiteRunner.java:276)
	at org.testng.SuiteRunnerWorker.runSuite(SuiteRunnerWorker.java:53)
	at org.testng.SuiteRunnerWorker.run(SuiteRunnerWorker.java:96)
	at org.testng.TestNG.runSuitesSequentially(TestNG.java:1212)
	at org.testng.TestNG.runSuitesLocally(TestNG.java:1134)
	at org.testng.TestNG.runSuites(TestNG.java:1063)
	at org.testng.TestNG.run(TestNG.java:1031)
	at org.testng.remote.AbstractRemoteTestNG.run(AbstractRemoteTestNG.java:115)
	at org.testng.remote.RemoteTestNG.initAndRun(RemoteTestNG.java:251)
	at org.testng.remote.RemoteTestNG.main(RemoteTestNG.java:77)
</pre></div></td>
<td>0</td>
<td>com.goibibo.tests.TS_002_Hotel_Booking@eadd4fb</td></tr>
</table><p>
<table width='100%' border='1' class='invocation-skipped'>
<tr><td colspan='4' align='center'><b>SKIPPED CONFIGURATIONS</b></td></tr>
<tr><td><b>Test method</b></td>
<td width="30%"><b>Exception</b></td>
<td width="10%"><b>Time (seconds)</b></td>
<td><b>Instance</b></td>
</tr>
<tr>
<td title='com.goibibo.tests.TS_004_Hotel_Filters.afterTest()'><b>afterTest</b><br>Test class: com.goibibo.tests.TS_004_Hotel_Filters</td>
<td></td>
<td>-1646575563</td>
<td>com.goibibo.tests.TS_004_Hotel_Filters@1a245833</td></tr>
<tr>
<td title='com.goibibo.tests.TS_003_Hotel_Details.afterTest()'><b>afterTest</b><br>Test class: com.goibibo.tests.TS_003_Hotel_Details</td>
<td></td>
<td>-1646575563</td>
<td>com.goibibo.tests.TS_003_Hotel_Details@740fb309</td></tr>
</table><p>
<table width='100%' border='1' class='invocation-failed'>
<tr><td colspan='4' align='center'><b>FAILED TESTS</b></td></tr>
<tr><td><b>Test method</b></td>
<td width="30%"><b>Exception</b></td>
<td width="10%"><b>Time (seconds)</b></td>
<td><b>Instance</b></td>
</tr>
<tr>
<td title='com.goibibo.tests.TS_003_Hotel_Details.test()'><b>test</b><br>Test class: com.goibibo.tests.TS_003_Hotel_Details<br>Parameters: ooty, , , 1, 1, 0, Mountain Trails<br/>
<a href="#Output-2066945445" onClick='toggleBox("Output-2066945445", this, "Show output", "Hide output");'>Show output</a>

<a href="#Output-2066945445" onClick="toggleAllBoxes();">Show all outputs</a>
<div class='log' id="Output-2066945445">
Existing rooms 1and Required rooms 1 are same.<br/>
Minus button at adults section is clicked 1 times<br/>
Existing rooms 0and Required rooms 0 are same.<br/>
</div>
</td>
<td><div><pre>org.openqa.selenium.NoSuchElementException: no such element: Unable to locate element: {&quot;method&quot;:&quot;xpath&quot;,&quot;selector&quot;:&quot;//h1[@itemprop=&apos;name&apos;]&quot;}
  (Session info: chrome=98.0.4758.102)
  (Driver info: chromedriver=98.0.4758.102 (273bf7ac8c909cde36982d27f66f3c70846a3718-refs/branch-heads/4758@{#1151}),platform=Windows NT 10.0.19042 x86_64) (WARNING: The server did not provide any stacktrace information)
Command duration or timeout: 30.14 seconds
For documentation on this error, please visit: http://seleniumhq.org/exceptions/no_such_element.html
Build info: version: &apos;2.53.0&apos;, revision: &apos;35ae25b1534ae328c771e0856c93e187490ca824&apos;, time: &apos;2016-03-15 10:43:46&apos;
System info: host: &apos;W10CG753X2&apos;, ip: &apos;192.168.88.1&apos;, os.name: &apos;Windows 10&apos;, os.arch: &apos;amd64&apos;, os.version: &apos;10.0&apos;, java.version: &apos;11.0.13&apos;
Driver info: org.openqa.selenium.chrome.ChromeDriver
Capabilities [{mobileEmulationEnabled=false, timeouts={implicit=0, pageLoad=300000, script=30000}, hasTouchScreen=false, platform=XP, acceptSslCerts=false, goog:chromeOptions={debuggerAddress=localhost:52719}, webauthn:extension:credBlob=true, acceptInsecureCerts=false, webStorageEnabled=true, browserName=chrome, takesScreenshot=true, javascriptEnabled=true, setWindowRect=true, webauthn:extension:largeBlob=true, unexpectedAlertBehaviour=ignore, rotatable=false, networkConnectionEnabled=false, chrome={chromedriverVersion=98.0.4758.102 (273bf7ac8c909cde36982d27f66f3c70846a3718-refs/branch-heads/4758@{#1151}), userDataDir=C:\Users\BHARAT~1\AppData\Local\Temp\scoped_dir24608_1252775591}, takesHeapSnapshot=true, pageLoadStrategy=normal, strictFileInteractability=false, databaseEnabled=false, handlesAlerts=true, version=98.0.4758.102, browserConnectionEnabled=false, proxy={}, nativeEvents=true, locationContextEnabled=true, cssSelectorsEnabled=true, webauthn:virtualAuthenticators=true}]
Session ID: 46731649f100b002990eeb2e212649b6
*** Element info: {Using=xpath, value=//h1[@itemprop=&apos;name&apos;]}
	at org.openqa.selenium.remote.ErrorHandler.createThrowable(ErrorHandler.java:206)
	at org.openqa.selenium.remote.ErrorHandler.throwIfResponseFailed(ErrorHandler.java:158)
	at org.openqa.selenium.remote.RemoteWebDriver.execute(RemoteWebDriver.java:678)
	at org.openqa.selenium.remote.RemoteWebDriver.findElement(RemoteWebDriver.java:363)
	at org.openqa.selenium.remote.RemoteWebDriver.findElementByXPath(RemoteWebDriver.java:500)
	at org.openqa.selenium.By$ByXPath.findElement(By.java:361)
	at org.openqa.selenium.remote.RemoteWebDriver.findElement(RemoteWebDriver.java:355)
	at com.goibibo.library.ReusableMethods.findElement(ReusableMethods.java:143)
	at com.goibibo.tests.TS_003_Hotel_Details.test(TS_003_Hotel_Details.java:93)
	at java.base/java.util.ArrayList.forEach(ArrayList.java:1541)
... Removed 31 stack frames</pre></div><a href='#' onClick='toggleBox("stack-trace2066945445", this, "Click to show all stack frames", "Click to hide stack frames")'>Click to show all stack frames</a>
<div class='stack-trace' id='stack-trace2066945445'><pre>org.openqa.selenium.NoSuchElementException: no such element: Unable to locate element: {&quot;method&quot;:&quot;xpath&quot;,&quot;selector&quot;:&quot;//h1[@itemprop=&apos;name&apos;]&quot;}
  (Session info: chrome=98.0.4758.102)
  (Driver info: chromedriver=98.0.4758.102 (273bf7ac8c909cde36982d27f66f3c70846a3718-refs/branch-heads/4758@{#1151}),platform=Windows NT 10.0.19042 x86_64) (WARNING: The server did not provide any stacktrace information)
Command duration or timeout: 30.14 seconds
For documentation on this error, please visit: http://seleniumhq.org/exceptions/no_such_element.html
Build info: version: &apos;2.53.0&apos;, revision: &apos;35ae25b1534ae328c771e0856c93e187490ca824&apos;, time: &apos;2016-03-15 10:43:46&apos;
System info: host: &apos;W10CG753X2&apos;, ip: &apos;192.168.88.1&apos;, os.name: &apos;Windows 10&apos;, os.arch: &apos;amd64&apos;, os.version: &apos;10.0&apos;, java.version: &apos;11.0.13&apos;
Driver info: org.openqa.selenium.chrome.ChromeDriver
Capabilities [{mobileEmulationEnabled=false, timeouts={implicit=0, pageLoad=300000, script=30000}, hasTouchScreen=false, platform=XP, acceptSslCerts=false, goog:chromeOptions={debuggerAddress=localhost:52719}, webauthn:extension:credBlob=true, acceptInsecureCerts=false, webStorageEnabled=true, browserName=chrome, takesScreenshot=true, javascriptEnabled=true, setWindowRect=true, webauthn:extension:largeBlob=true, unexpectedAlertBehaviour=ignore, rotatable=false, networkConnectionEnabled=false, chrome={chromedriverVersion=98.0.4758.102 (273bf7ac8c909cde36982d27f66f3c70846a3718-refs/branch-heads/4758@{#1151}), userDataDir=C:\Users\BHARAT~1\AppData\Local\Temp\scoped_dir24608_1252775591}, takesHeapSnapshot=true, pageLoadStrategy=normal, strictFileInteractability=false, databaseEnabled=false, handlesAlerts=true, version=98.0.4758.102, browserConnectionEnabled=false, proxy={}, nativeEvents=true, locationContextEnabled=true, cssSelectorsEnabled=true, webauthn:virtualAuthenticators=true}]
Session ID: 46731649f100b002990eeb2e212649b6
*** Element info: {Using=xpath, value=//h1[@itemprop=&apos;name&apos;]}
	at java.base/jdk.internal.reflect.NativeConstructorAccessorImpl.newInstance0(Native Method)
	at java.base/jdk.internal.reflect.NativeConstructorAccessorImpl.newInstance(NativeConstructorAccessorImpl.java:62)
	at java.base/jdk.internal.reflect.DelegatingConstructorAccessorImpl.newInstance(DelegatingConstructorAccessorImpl.java:45)
	at java.base/java.lang.reflect.Constructor.newInstance(Constructor.java:490)
	at org.openqa.selenium.remote.ErrorHandler.createThrowable(ErrorHandler.java:206)
	at org.openqa.selenium.remote.ErrorHandler.throwIfResponseFailed(ErrorHandler.java:158)
	at org.openqa.selenium.remote.RemoteWebDriver.execute(RemoteWebDriver.java:678)
	at org.openqa.selenium.remote.RemoteWebDriver.findElement(RemoteWebDriver.java:363)
	at org.openqa.selenium.remote.RemoteWebDriver.findElementByXPath(RemoteWebDriver.java:500)
	at org.openqa.selenium.By$ByXPath.findElement(By.java:361)
	at org.openqa.selenium.remote.RemoteWebDriver.findElement(RemoteWebDriver.java:355)
	at com.goibibo.library.ReusableMethods.findElement(ReusableMethods.java:143)
	at com.goibibo.tests.TS_003_Hotel_Details.test(TS_003_Hotel_Details.java:93)
	at java.base/jdk.internal.reflect.NativeMethodAccessorImpl.invoke0(Native Method)
	at java.base/jdk.internal.reflect.NativeMethodAccessorImpl.invoke(NativeMethodAccessorImpl.java:62)
	at java.base/jdk.internal.reflect.DelegatingMethodAccessorImpl.invoke(DelegatingMethodAccessorImpl.java:43)
	at java.base/java.lang.reflect.Method.invoke(Method.java:566)
	at org.testng.internal.MethodInvocationHelper.invokeMethod(MethodInvocationHelper.java:133)
	at org.testng.internal.TestInvoker.invokeMethod(TestInvoker.java:598)
	at org.testng.internal.TestInvoker.invokeTestMethod(TestInvoker.java:173)
	at org.testng.internal.MethodRunner.runInSequence(MethodRunner.java:46)
	at org.testng.internal.TestInvoker$MethodInvocationAgent.invoke(TestInvoker.java:824)
	at org.testng.internal.TestInvoker.invokeTestMethods(TestInvoker.java:146)
	at org.testng.internal.TestMethodWorker.invokeTestMethods(TestMethodWorker.java:146)
	at org.testng.internal.TestMethodWorker.run(TestMethodWorker.java:128)
	at java.base/java.util.ArrayList.forEach(ArrayList.java:1541)
	at org.testng.TestRunner.privateRun(TestRunner.java:794)
	at org.testng.TestRunner.run(TestRunner.java:596)
	at org.testng.SuiteRunner.runTest(SuiteRunner.java:377)
	at org.testng.SuiteRunner.runSequentially(SuiteRunner.java:371)
	at org.testng.SuiteRunner.privateRun(SuiteRunner.java:332)
	at org.testng.SuiteRunner.run(SuiteRunner.java:276)
	at org.testng.SuiteRunnerWorker.runSuite(SuiteRunnerWorker.java:53)
	at org.testng.SuiteRunnerWorker.run(SuiteRunnerWorker.java:96)
	at org.testng.TestNG.runSuitesSequentially(TestNG.java:1212)
	at org.testng.TestNG.runSuitesLocally(TestNG.java:1134)
	at org.testng.TestNG.runSuites(TestNG.java:1063)
	at org.testng.TestNG.run(TestNG.java:1031)
	at org.testng.remote.AbstractRemoteTestNG.run(AbstractRemoteTestNG.java:115)
	at org.testng.remote.RemoteTestNG.initAndRun(RemoteTestNG.java:251)
	at org.testng.remote.RemoteTestNG.main(RemoteTestNG.java:77)
</pre></div></td>
<td>134</td>
<td>com.goibibo.tests.TS_003_Hotel_Details@740fb309</td></tr>
<tr>
<td title='com.goibibo.tests.TS_002_Hotel_Booking.test()'><b>test</b><br>Test class: com.goibibo.tests.TS_002_Hotel_Booking<br>Parameters: ooty, , , 1, 1, 0, Mountain Trails, Mr, dsbk, dsbk, gsar@gm.com, 91, 8282345643, 724762834, haswin, 1232, 27<br/>
<a href="#Output-945747249" onClick='toggleBox("Output-945747249", this, "Show output", "Hide output");'>Show output</a>

<a href="#Output-945747249" onClick="toggleAllBoxes();">Show all outputs</a>
<div class='log' id="Output-945747249">
Existing rooms 1and Required rooms 1 are same.<br/>
Minus button at adults section is clicked 1 times<br/>
Existing rooms 0and Required rooms 0 are same.<br/>
</div>
</td>
<td><div><pre>java.lang.AssertionError: Valdiation errors are [Please Enter Valid Card Number, , , Please Enter Valid CVV Number, , , , , , , , , , , , , , , , , , , , , , , , , , ] expected [false] but found [true]
	at com.goibibo.tests.TS_002_Hotel_Booking.test(TS_002_Hotel_Booking.java:136)
	at java.base/java.util.ArrayList.forEach(ArrayList.java:1541)
... Removed 30 stack frames</pre></div><a href='#' onClick='toggleBox("stack-trace945747249", this, "Click to show all stack frames", "Click to hide stack frames")'>Click to show all stack frames</a>
<div class='stack-trace' id='stack-trace945747249'><pre>java.lang.AssertionError: Valdiation errors are [Please Enter Valid Card Number, , , Please Enter Valid CVV Number, , , , , , , , , , , , , , , , , , , , , , , , , , ] expected [false] but found [true]
	at org.testng.Assert.fail(Assert.java:99)
	at org.testng.Assert.failNotEquals(Assert.java:1037)
	at org.testng.Assert.assertFalse(Assert.java:67)
	at com.goibibo.tests.TS_002_Hotel_Booking.test(TS_002_Hotel_Booking.java:136)
	at java.base/jdk.internal.reflect.NativeMethodAccessorImpl.invoke0(Native Method)
	at java.base/jdk.internal.reflect.NativeMethodAccessorImpl.invoke(NativeMethodAccessorImpl.java:62)
	at java.base/jdk.internal.reflect.DelegatingMethodAccessorImpl.invoke(DelegatingMethodAccessorImpl.java:43)
	at java.base/java.lang.reflect.Method.invoke(Method.java:566)
	at org.testng.internal.MethodInvocationHelper.invokeMethod(MethodInvocationHelper.java:133)
	at org.testng.internal.TestInvoker.invokeMethod(TestInvoker.java:598)
	at org.testng.internal.TestInvoker.invokeTestMethod(TestInvoker.java:173)
	at org.testng.internal.MethodRunner.runInSequence(MethodRunner.java:46)
	at org.testng.internal.TestInvoker$MethodInvocationAgent.invoke(TestInvoker.java:824)
	at org.testng.internal.TestInvoker.invokeTestMethods(TestInvoker.java:146)
	at org.testng.internal.TestMethodWorker.invokeTestMethods(TestMethodWorker.java:146)
	at org.testng.internal.TestMethodWorker.run(TestMethodWorker.java:128)
	at java.base/java.util.ArrayList.forEach(ArrayList.java:1541)
	at org.testng.TestRunner.privateRun(TestRunner.java:794)
	at org.testng.TestRunner.run(TestRunner.java:596)
	at org.testng.SuiteRunner.runTest(SuiteRunner.java:377)
	at org.testng.SuiteRunner.runSequentially(SuiteRunner.java:371)
	at org.testng.SuiteRunner.privateRun(SuiteRunner.java:332)
	at org.testng.SuiteRunner.run(SuiteRunner.java:276)
	at org.testng.SuiteRunnerWorker.runSuite(SuiteRunnerWorker.java:53)
	at org.testng.SuiteRunnerWorker.run(SuiteRunnerWorker.java:96)
	at org.testng.TestNG.runSuitesSequentially(TestNG.java:1212)
	at org.testng.TestNG.runSuitesLocally(TestNG.java:1134)
	at org.testng.TestNG.runSuites(TestNG.java:1063)
	at org.testng.TestNG.run(TestNG.java:1031)
	at org.testng.remote.AbstractRemoteTestNG.run(AbstractRemoteTestNG.java:115)
	at org.testng.remote.RemoteTestNG.initAndRun(RemoteTestNG.java:251)
	at org.testng.remote.RemoteTestNG.main(RemoteTestNG.java:77)
</pre></div></td>
<td>71</td>
<td>com.goibibo.tests.TS_002_Hotel_Booking@eadd4fb</td></tr>
</table><p>
<table width='100%' border='1' class='invocation-passed'>
<tr><td colspan='4' align='center'><b>PASSED TESTS</b></td></tr>
<tr><td><b>Test method</b></td>
<td width="30%"><b>Exception</b></td>
<td width="10%"><b>Time (seconds)</b></td>
<td><b>Instance</b></td>
</tr>
<tr>
<td title='com.goibibo.tests.TS_004_Hotel_Filters.test()'><b>test</b><br>Test class: com.goibibo.tests.TS_004_Hotel_Filters<br>Parameters: ooty, , , 1, 1, 0, Mountain Trails, Pay At Hotel Available, 4.5, 2000<br/>
<a href="#Output-337545117" onClick='toggleBox("Output-337545117", this, "Show output", "Hide output");'>Show output</a>

<a href="#Output-337545117" onClick="toggleAllBoxes();">Show all outputs</a>
<div class='log' id="Output-337545117">
Existing rooms 1and Required rooms 1 are same.<br/>
Minus button at adults section is clicked 1 times<br/>
Existing rooms 0and Required rooms 0 are same.<br/>
The Total Number of Hotels are 140<br/>
Please find the Hotel names below:  <br/>
AURORA LIGHT RESIDENCY<br/>
Rainbow Cottage<br/>
Wild zest<br/>
Chettinad Avenue<br/>
Hill Crest Metro<br/>
Garden Manor<br/>
The Majestic Crown<br/>
Hotel Lakeview<br/>
Greenyards<br/>
Green Apple Residence<br/>
Glen Park Inn<br/>
Hotel Charring Cross<br/>
OYO 78034 New Star Cottages<br/>
OYO 79915 SRJs Thaneesh Residency<br/>
Parkside Residency<br/>
The Monarch<br/>
Sterling Ooty Elk Hill<br/>
Mountain Trails<br/>
Hotel Sapphire Paradise<br/>
Venus Holiday Home<br/>
FabHotel Sholas Residency I<br/>
The Green valley resorts<br/>
Beverly Villa<br/>
Oriental Grand<br/>
FabExpress Grand Castle Hill Resorts<br/>
Hotel Astoria Residency<br/>
Green Moon Residency<br/>
Zostel Ooty<br/>
Tulips valley view resorts<br/>
Rose Park Residency<br/>
Fortune Retreats<br/>
Hotel Carnation<br/>
Al-Woodlands Residency<br/>
Tulips Elkhill Resorts<br/>
La Montana by TGI<br/>
YWCA Anandagiri Ooty<br/>
OYO 78121 Red Rock<br/>
Dew Drop Inn<br/>
Vinayaga Inn by Poppys<br/>
FabHotel Khems<br/>
Hotel Sapphire Grand<br/>
A Ooty Honey Huts<br/>
The Red House<br/>
Hotel Fairstay<br/>
The Bowers Chalet<br/>
OYO 4427 Hotel Gaylord<br/>
Sabol Holiday Resorts<br/>
OYO 13118 Twin Falls<br/>
Hotel Welbeck Residency<br/>
Sterling Ooty Fern Hill<br/>
Mount View Heritage Hotel<br/>
Silver Bett Resort<br/>
Green Leaves, The countryside Inn(8 kms from Ooty)<br/>
Delightz Inn<br/>
kumaran cottage<br/>
Hotel Alakapuri<br/>
RK Homes Guest House<br/>
Motherland Residency<br/>
Leopard Rock Wilderness Resort<br/>
DARSHAN HOTEL<br/>
FabHotel Sun Park Grand<br/>
Deccan Park<br/>
Hotel Meadows Residency<br/>
Hotel Tamilnadu, Ooty<br/>
Raasinihas Paradise<br/>
Glyngarth Resort (10km Away from Ooty)<br/>
Vista Suites Kalatti<br/>
Accord HighLand<br/>
OYO 10950 Hotel Hills Palace<br/>
Sinclairs Retreat Ooty<br/>
Western Valley Resorts<br/>
De Santosh Residency<br/>
Ooty Residency<br/>
DIO BEAUMOUNT<br/>
Tuccil<br/>
OYO 35818 Twin Falls Residency<br/>
A2B Residency Ooty<br/>
Golden Springs<br/>
Hotel Khems<br/>
La Blooms<br/>
OYO 7665 Home Stay Fable Stay<br/>
Tiger Hill Homestay<br/>
Hill Bird Homestay<br/>
I- India<br/>
PHOENIX STAY Ooty<br/>
SV RESIDENCY<br/>
Palve sugavasam<br/>
The Byke Sunshine Grand<br/>
OYO Flagship 44245 Hotel Rainforest Thalayathimund<br/>
Hotel Preethi Classic Towers<br/>
Berry Hills Resort<br/>
Skylarc inn<br/>
Surya village ooty<br/>
EDEN PARADISE<br/>
Rock Ooty<br/>
Kemps cave<br/>
Taj Cottage<br/>
Sugam Cottages<br/>
MANGO HILL CENTRAL OOTY<br/>
Hotel Maneck<br/>
Anmols Impex Cottage<br/>
Capital O 13231 Hotel Sapphire Garden View<br/>
Gem Park<br/>
PARADISE PERFECT<br/>
RN Holidays<br/>
Vermont Valley Cottages By NiveTsa<br/>
Ganga's Sri Balaji Cottage<br/>
Hotel Sri Balaji<br/>
Welcomheritage Ferrnhills Royale Palace<br/>
Lakefield Bunglow<br/>
Treebo Trend Atithi Bhavan<br/>
The Clubhouse Ooty<br/>
MALAIYUR RESIDENCY<br/>
Aventura Fernhill<br/>
Two Seas Residence<br/>
Hotel Silver Oak<br/>
Colonels Inn<br/>
Hotel KURINJI RESIDENCY<br/>
Hotel Mount n Mist<br/>
Heaven Hill View by Vista Rooms<br/>
Golden Larch Comfort<br/>
Aakash Rooms and cottages<br/>
Woodstock<br/>
Hotel Landmark<br/>
Hotel Venus<br/>
Seven Hill Guest House<br/>
Mountside Cottage<br/>
The Abode<br/>
Mountain Retreat - A Hill Country Resort<br/>
Hotel Maneck Residency<br/>
Adarsh International<br/>
Pratham International<br/>
SB Cottage and Homestay<br/>
Kluney Manor<br/>
Savoy - IHCL SeleQtions, Ooty<br/>
OYO 77690 Hillwood Cottage<br/>
Hotel Nahar Nilgiris<br/>
The Lovedale Garden Residency<br/>
Ponmari Residency<br/>
FabHotel Vinu Valley Resorts<br/>
<a href='C:\Users\Bharath_kumar_Ds\eclipse-work\Goibibo\.\screenshots\Screenshot_1646575340088.png'> <img src='C:\Users\Bharath_kumar_Ds\eclipse-work\Goibibo\.\screenshots\Screenshot_1646575340088.png' height='500' width='500'/></a> <br/>
</div>
</td>
<td></td>
<td>218</td>
<td>com.goibibo.tests.TS_004_Hotel_Filters@1a245833</td></tr>
<tr>
<td title='com.goibibo.tests.TS_001_Hotel_Search.test()'><b>test</b><br>Test class: com.goibibo.tests.TS_001_Hotel_Search<br>Parameters: ooty, , , 1, 1, 0<br/>
<a href="#Output-362432678" onClick='toggleBox("Output-362432678", this, "Show output", "Hide output");'>Show output</a>

<a href="#Output-362432678" onClick="toggleAllBoxes();">Show all outputs</a>
<div class='log' id="Output-362432678">
Existing rooms 1and Required rooms 1 are same.<br/>
Minus button at adults section is clicked 1 times<br/>
Existing rooms 0and Required rooms 0 are same.<br/>
</div>
</td>
<td></td>
<td>16</td>
<td>com.goibibo.tests.TS_001_Hotel_Search@2ab4bc72</td></tr>
</table><p>
</body>
</html>